{"C:\\proyectos\\UE\\desarrollo seguro\\repo_demo\\actividad_sdslc\\app\\src\\routes\\deleteItem.js": {"path":"C:\\proyectos\\UE\\desarrollo seguro\\repo_demo\\actividad_sdslc\\app\\src\\routes\\deleteItem.js","statementMap":{"0":{"start":{"line":1,"column":11},"end":{"line":1,"column":36}},"1":{"start":{"line":3,"column":0},"end":{"line":6,"column":2}},"2":{"start":{"line":4,"column":4},"end":{"line":4,"column":39}},"3":{"start":{"line":5,"column":4},"end":{"line":5,"column":24}}},"fnMap":{"0":{"name":"(anonymous_0)","decl":{"start":{"line":3,"column":17},"end":{"line":3,"column":18}},"loc":{"start":{"line":3,"column":37},"end":{"line":6,"column":1}},"line":3}},"branchMap":{},"s":{"0":1,"1":1,"2":1,"3":1},"f":{"0":1},"b":{},"_coverageSchema":"1a1c01bbd47fc00a2c39e90264f33305004495a9","hash":"ae0c3ac3367897e9afcfb91dea26a006162f38f0"}
,"C:\\proyectos\\UE\\desarrollo seguro\\repo_demo\\actividad_sdslc\\app\\src\\routes\\getItems.js": {"path":"C:\\proyectos\\UE\\desarrollo seguro\\repo_demo\\actividad_sdslc\\app\\src\\routes\\getItems.js","statementMap":{"0":{"start":{"line":1,"column":11},"end":{"line":1,"column":36}},"1":{"start":{"line":3,"column":0},"end":{"line":6,"column":2}},"2":{"start":{"line":4,"column":18},"end":{"line":4,"column":37}},"3":{"start":{"line":5,"column":4},"end":{"line":5,"column":20}}},"fnMap":{"0":{"name":"(anonymous_0)","decl":{"start":{"line":3,"column":17},"end":{"line":3,"column":18}},"loc":{"start":{"line":3,"column":37},"end":{"line":6,"column":1}},"line":3}},"branchMap":{},"s":{"0":1,"1":1,"2":1,"3":1},"f":{"0":1},"b":{},"_coverageSchema":"1a1c01bbd47fc00a2c39e90264f33305004495a9","hash":"dea18781599d7e0d3c9858f0576be785e46c8548"}
,"C:\\proyectos\\UE\\desarrollo seguro\\repo_demo\\actividad_sdslc\\app\\src\\routes\\updateItem.js": {"path":"C:\\proyectos\\UE\\desarrollo seguro\\repo_demo\\actividad_sdslc\\app\\src\\routes\\updateItem.js","statementMap":{"0":{"start":{"line":1,"column":11},"end":{"line":1,"column":36}},"1":{"start":{"line":3,"column":0},"end":{"line":10,"column":2}},"2":{"start":{"line":4,"column":4},"end":{"line":7,"column":7}},"3":{"start":{"line":8,"column":17},"end":{"line":8,"column":48}},"4":{"start":{"line":9,"column":4},"end":{"line":9,"column":19}}},"fnMap":{"0":{"name":"(anonymous_0)","decl":{"start":{"line":3,"column":17},"end":{"line":3,"column":18}},"loc":{"start":{"line":3,"column":37},"end":{"line":10,"column":1}},"line":3}},"branchMap":{},"s":{"0":1,"1":1,"2":1,"3":1,"4":1},"f":{"0":1},"b":{},"_coverageSchema":"1a1c01bbd47fc00a2c39e90264f33305004495a9","hash":"53b4e895b86657d1d47fd340274b00b484c16119"}
}
